/hb/home/swoonna/.local/lib/python3.6/site-packages/tensorflow/python/util/tf_inspect.py:75: DeprecationWarning: inspect.getargspec() is deprecated, use inspect.signature() or inspect.getfullargspec()
  return _inspect.getargspec(target)
/hb/home/swoonna/.local/lib/python3.6/site-packages/tensorflow/python/util/tf_inspect.py:75: DeprecationWarning: inspect.getargspec() is deprecated, use inspect.signature() or inspect.getfullargspec()
  return _inspect.getargspec(target)
/hb/home/swoonna/.local/lib/python3.6/site-packages/tensorflow/python/util/tf_inspect.py:75: DeprecationWarning: inspect.getargspec() is deprecated, use inspect.signature() or inspect.getfullargspec()
  return _inspect.getargspec(target)
/hb/home/swoonna/.local/lib/python3.6/site-packages/tensorflow/python/util/tf_inspect.py:75: DeprecationWarning: inspect.getargspec() is deprecated, use inspect.signature() or inspect.getfullargspec()
  return _inspect.getargspec(target)
/hb/home/swoonna/.local/lib/python3.6/site-packages/tensorflow/python/util/tf_inspect.py:75: DeprecationWarning: inspect.getargspec() is deprecated, use inspect.signature() or inspect.getfullargspec()
  return _inspect.getargspec(target)
/hb/home/swoonna/.local/lib/python3.6/site-packages/tensorflow/python/util/tf_inspect.py:75: DeprecationWarning: inspect.getargspec() is deprecated, use inspect.signature() or inspect.getfullargspec()
  return _inspect.getargspec(target)
/hb/home/swoonna/.local/lib/python3.6/site-packages/tensorflow/python/util/tf_inspect.py:75: DeprecationWarning: inspect.getargspec() is deprecated, use inspect.signature() or inspect.getfullargspec()
  return _inspect.getargspec(target)
/hb/home/swoonna/.local/lib/python3.6/site-packages/tensorflow/python/util/tf_inspect.py:75: DeprecationWarning: inspect.getargspec() is deprecated, use inspect.signature() or inspect.getfullargspec()
  return _inspect.getargspec(target)
/hb/home/swoonna/.local/lib/python3.6/site-packages/tensor2tensor/utils/registry.py:180: DeprecationWarning: inspect.getargspec() is deprecated, use inspect.signature() or inspect.getfullargspec()
  args, varargs, keywords, _ = inspect.getargspec(rhp_fn)
/hb/home/swoonna/.local/lib/python3.6/site-packages/tensor2tensor/utils/registry.py:180: DeprecationWarning: inspect.getargspec() is deprecated, use inspect.signature() or inspect.getfullargspec()
  args, varargs, keywords, _ = inspect.getargspec(rhp_fn)
/hb/home/swoonna/.local/lib/python3.6/site-packages/tensor2tensor/utils/registry.py:180: DeprecationWarning: inspect.getargspec() is deprecated, use inspect.signature() or inspect.getfullargspec()
  args, varargs, keywords, _ = inspect.getargspec(rhp_fn)
/hb/home/swoonna/.local/lib/python3.6/site-packages/tensor2tensor/utils/registry.py:180: DeprecationWarning: inspect.getargspec() is deprecated, use inspect.signature() or inspect.getfullargspec()
  args, varargs, keywords, _ = inspect.getargspec(rhp_fn)
/hb/home/swoonna/.local/lib/python3.6/site-packages/tensor2tensor/utils/registry.py:180: DeprecationWarning: inspect.getargspec() is deprecated, use inspect.signature() or inspect.getfullargspec()
  args, varargs, keywords, _ = inspect.getargspec(rhp_fn)
/hb/home/swoonna/.local/lib/python3.6/site-packages/tensor2tensor/utils/registry.py:180: DeprecationWarning: inspect.getargspec() is deprecated, use inspect.signature() or inspect.getfullargspec()
  args, varargs, keywords, _ = inspect.getargspec(rhp_fn)
/hb/home/swoonna/.local/lib/python3.6/site-packages/tensor2tensor/utils/registry.py:180: DeprecationWarning: inspect.getargspec() is deprecated, use inspect.signature() or inspect.getfullargspec()
  args, varargs, keywords, _ = inspect.getargspec(rhp_fn)
/hb/home/swoonna/.local/lib/python3.6/site-packages/tensor2tensor/utils/registry.py:180: DeprecationWarning: inspect.getargspec() is deprecated, use inspect.signature() or inspect.getfullargspec()
  args, varargs, keywords, _ = inspect.getargspec(rhp_fn)
/hb/home/swoonna/.local/lib/python3.6/site-packages/tensor2tensor/utils/registry.py:180: DeprecationWarning: inspect.getargspec() is deprecated, use inspect.signature() or inspect.getfullargspec()
  args, varargs, keywords, _ = inspect.getargspec(rhp_fn)
/hb/home/swoonna/.local/lib/python3.6/site-packages/tensor2tensor/utils/registry.py:180: DeprecationWarning: inspect.getargspec() is deprecated, use inspect.signature() or inspect.getfullargspec()
  args, varargs, keywords, _ = inspect.getargspec(rhp_fn)
/hb/home/swoonna/.local/lib/python3.6/site-packages/tensor2tensor/utils/registry.py:180: DeprecationWarning: inspect.getargspec() is deprecated, use inspect.signature() or inspect.getfullargspec()
  args, varargs, keywords, _ = inspect.getargspec(rhp_fn)
/hb/home/swoonna/.local/lib/python3.6/site-packages/tensor2tensor/utils/registry.py:180: DeprecationWarning: inspect.getargspec() is deprecated, use inspect.signature() or inspect.getfullargspec()
  args, varargs, keywords, _ = inspect.getargspec(rhp_fn)
/hb/home/swoonna/.local/lib/python3.6/site-packages/tensor2tensor/utils/registry.py:180: DeprecationWarning: inspect.getargspec() is deprecated, use inspect.signature() or inspect.getfullargspec()
  args, varargs, keywords, _ = inspect.getargspec(rhp_fn)
/hb/home/swoonna/.local/lib/python3.6/site-packages/tensor2tensor/utils/registry.py:180: DeprecationWarning: inspect.getargspec() is deprecated, use inspect.signature() or inspect.getfullargspec()
  args, varargs, keywords, _ = inspect.getargspec(rhp_fn)
/hb/home/swoonna/.local/lib/python3.6/site-packages/tensor2tensor/utils/registry.py:180: DeprecationWarning: inspect.getargspec() is deprecated, use inspect.signature() or inspect.getfullargspec()
  args, varargs, keywords, _ = inspect.getargspec(rhp_fn)
/hb/home/swoonna/.local/lib/python3.6/site-packages/tensor2tensor/utils/registry.py:180: DeprecationWarning: inspect.getargspec() is deprecated, use inspect.signature() or inspect.getfullargspec()
  args, varargs, keywords, _ = inspect.getargspec(rhp_fn)
/hb/home/swoonna/.local/lib/python3.6/site-packages/tensor2tensor/utils/registry.py:180: DeprecationWarning: inspect.getargspec() is deprecated, use inspect.signature() or inspect.getfullargspec()
  args, varargs, keywords, _ = inspect.getargspec(rhp_fn)
/hb/home/swoonna/.local/lib/python3.6/site-packages/tensor2tensor/utils/registry.py:180: DeprecationWarning: inspect.getargspec() is deprecated, use inspect.signature() or inspect.getfullargspec()
  args, varargs, keywords, _ = inspect.getargspec(rhp_fn)
/hb/home/swoonna/.local/lib/python3.6/site-packages/tensor2tensor/utils/registry.py:180: DeprecationWarning: inspect.getargspec() is deprecated, use inspect.signature() or inspect.getfullargspec()
  args, varargs, keywords, _ = inspect.getargspec(rhp_fn)
/hb/home/swoonna/.local/lib/python3.6/site-packages/tensor2tensor/utils/registry.py:180: DeprecationWarning: inspect.getargspec() is deprecated, use inspect.signature() or inspect.getfullargspec()
  args, varargs, keywords, _ = inspect.getargspec(rhp_fn)
INFO:tensorflow:Importing user module trainer from path /hb/home/swoonna/projects/sbp/code/lang_model
INFO:tensorflow:Overriding hparams in transformer_lang_gen with sampling_method=random
WARNING:tensorflow:From /hb/home/swoonna/.local/lib/python3.6/site-packages/tensor2tensor/utils/trainer_lib.py:278: RunConfig.__init__ (from tensorflow.contrib.learn.python.learn.estimators.run_config) is deprecated and will be removed in a future version.
Instructions for updating:
When switching to tf.estimator.Estimator, use tf.estimator.RunConfig instead.
INFO:tensorflow:Configuring DataParallelism to replicate the model.
INFO:tensorflow:schedule=continuous_train_and_eval
INFO:tensorflow:worker_gpu=1
INFO:tensorflow:sync=False
/hb/home/swoonna/.local/lib/python3.6/site-packages/tensorflow/python/platform/tf_logging.py:120: DeprecationWarning: The 'warn' method is deprecated, use 'warning' instead
  _get_logger().warn(msg, *args, **kwargs)
WARNING:tensorflow:Schedule=continuous_train_and_eval. Assuming that training is running on a single machine.
INFO:tensorflow:datashard_devices: ['gpu:0']
INFO:tensorflow:caching_devices: None
INFO:tensorflow:ps_devices: ['gpu:0']
INFO:tensorflow:Using config: {'_task_type': None, '_task_id': 0, '_cluster_spec': <tensorflow.python.training.server_lib.ClusterSpec object at 0x7f9d57f84710>, '_master': '', '_num_ps_replicas': 0, '_num_worker_replicas': 0, '_environment': 'local', '_is_chief': True, '_evaluation_master': '', '_train_distribute': None, '_eval_distribute': None, '_device_fn': None, '_tf_config': gpu_options {
  per_process_gpu_memory_fraction: 1.0
}
, '_tf_random_seed': None, '_save_summary_steps': 100, '_save_checkpoints_secs': None, '_log_step_count_steps': 100, '_protocol': None, '_session_config': gpu_options {
  per_process_gpu_memory_fraction: 0.95
}
allow_soft_placement: true
graph_options {
  optimizer_options {
    global_jit_level: OFF
  }
}
, '_save_checkpoints_steps': 1000, '_keep_checkpoint_max': 20, '_keep_checkpoint_every_n_hours': 10000, '_model_dir': './trained_model', 'use_tpu': False, 't2t_device_info': {'num_async_replicas': 1}, 'data_parallelism': <tensor2tensor.utils.expert_utils.Parallelism object at 0x7f9d57f84780>}
WARNING:tensorflow:Estimator's model_fn (<function T2TModel.make_estimator_model_fn.<locals>.wrapping_model_fn at 0x7f9db703ed08>) includes params argument, but params are not passed to Estimator.
INFO:tensorflow:decode_hp.batch_size not specified; default=32
INFO:tensorflow:Performing decoding from file (input.txt).
INFO:tensorflow:Getting sorted inputs
INFO:tensorflow: batch 1
INFO:tensorflow:Decoding batch 0
WARNING:tensorflow:Input graph does not use tf.data.Dataset or contain a QueueRunner. That means predict yields forever. This is probably a mistake.
INFO:tensorflow:Calling model_fn.
INFO:tensorflow:Setting T2TModel mode to 'infer'
INFO:tensorflow:Setting hparams.dropout to 0.0
INFO:tensorflow:Setting hparams.label_smoothing to 0.0
INFO:tensorflow:Setting hparams.layer_prepostprocess_dropout to 0.0
INFO:tensorflow:Setting hparams.symbol_dropout to 0.0
INFO:tensorflow:Setting hparams.attention_dropout to 0.0
INFO:tensorflow:Setting hparams.relu_dropout to 0.0
/hb/home/swoonna/.local/lib/python3.6/site-packages/tensorflow/python/platform/tf_logging.py:120: DeprecationWarning: The 'warn' method is deprecated, use 'warning' instead
  _get_logger().warn(msg, *args, **kwargs)
WARNING:tensorflow:Beam searching for a model with no inputs.
INFO:tensorflow:Beam Decoding with beam size 5
WARNING:tensorflow:From /hb/home/swoonna/.local/lib/python3.6/site-packages/tensorflow/python/framework/function.py:987: calling Graph.create_op (from tensorflow.python.framework.ops) with compute_shapes is deprecated and will be removed in a future version.
Instructions for updating:
Shapes are always computed; don't use the compute_shapes as it has no effect.
INFO:tensorflow:Done calling model_fn.
INFO:tensorflow:Graph was finalized.
2019-02-11 14:55:11.909853: I tensorflow/core/platform/cpu_feature_guard.cc:141] Your CPU supports instructions that this TensorFlow binary was not compiled to use: AVX2 AVX512F FMA
INFO:tensorflow:Restoring parameters from ./trained_model/model.ckpt-200
INFO:tensorflow:Running local_init_op.
INFO:tensorflow:Done running local_init_op.
INFO:tensorflow:Inference results INPUT: import
INFO:tensorflow:Inference results OUTPUT: <pad><pad><pad><pad><pad><pad><pad><pad>
INFO:tensorflow:Elapsed Time: 6.48696
INFO:tensorflow:Averaged Single Token Generation Time: 0.8043021 (time 6.4344165 count 8)
INFO:tensorflow:Writing decodes into input.txt.transformer.transformer_lang_gen.lang_gen_problem.beam5.alpha0.6.decodes
