/hb/home/swoonna/.local/lib/python3.6/site-packages/tensorflow/python/util/tf_inspect.py:75: DeprecationWarning: inspect.getargspec() is deprecated, use inspect.signature() or inspect.getfullargspec()
  return _inspect.getargspec(target)
/hb/home/swoonna/.local/lib/python3.6/site-packages/tensorflow/python/util/tf_inspect.py:75: DeprecationWarning: inspect.getargspec() is deprecated, use inspect.signature() or inspect.getfullargspec()
  return _inspect.getargspec(target)
/hb/home/swoonna/.local/lib/python3.6/site-packages/tensorflow/python/util/tf_inspect.py:75: DeprecationWarning: inspect.getargspec() is deprecated, use inspect.signature() or inspect.getfullargspec()
  return _inspect.getargspec(target)
/hb/home/swoonna/.local/lib/python3.6/site-packages/tensorflow/python/util/tf_inspect.py:75: DeprecationWarning: inspect.getargspec() is deprecated, use inspect.signature() or inspect.getfullargspec()
  return _inspect.getargspec(target)
/hb/home/swoonna/.local/lib/python3.6/site-packages/tensorflow/python/util/tf_inspect.py:75: DeprecationWarning: inspect.getargspec() is deprecated, use inspect.signature() or inspect.getfullargspec()
  return _inspect.getargspec(target)
/hb/home/swoonna/.local/lib/python3.6/site-packages/tensorflow/python/util/tf_inspect.py:75: DeprecationWarning: inspect.getargspec() is deprecated, use inspect.signature() or inspect.getfullargspec()
  return _inspect.getargspec(target)
/hb/home/swoonna/.local/lib/python3.6/site-packages/tensorflow/python/util/tf_inspect.py:75: DeprecationWarning: inspect.getargspec() is deprecated, use inspect.signature() or inspect.getfullargspec()
  return _inspect.getargspec(target)
/hb/home/swoonna/.local/lib/python3.6/site-packages/tensorflow/python/util/tf_inspect.py:75: DeprecationWarning: inspect.getargspec() is deprecated, use inspect.signature() or inspect.getfullargspec()
  return _inspect.getargspec(target)
/hb/home/swoonna/.local/lib/python3.6/site-packages/tensor2tensor/utils/registry.py:180: DeprecationWarning: inspect.getargspec() is deprecated, use inspect.signature() or inspect.getfullargspec()
  args, varargs, keywords, _ = inspect.getargspec(rhp_fn)
/hb/home/swoonna/.local/lib/python3.6/site-packages/tensor2tensor/utils/registry.py:180: DeprecationWarning: inspect.getargspec() is deprecated, use inspect.signature() or inspect.getfullargspec()
  args, varargs, keywords, _ = inspect.getargspec(rhp_fn)
/hb/home/swoonna/.local/lib/python3.6/site-packages/tensor2tensor/utils/registry.py:180: DeprecationWarning: inspect.getargspec() is deprecated, use inspect.signature() or inspect.getfullargspec()
  args, varargs, keywords, _ = inspect.getargspec(rhp_fn)
/hb/home/swoonna/.local/lib/python3.6/site-packages/tensor2tensor/utils/registry.py:180: DeprecationWarning: inspect.getargspec() is deprecated, use inspect.signature() or inspect.getfullargspec()
  args, varargs, keywords, _ = inspect.getargspec(rhp_fn)
/hb/home/swoonna/.local/lib/python3.6/site-packages/tensor2tensor/utils/registry.py:180: DeprecationWarning: inspect.getargspec() is deprecated, use inspect.signature() or inspect.getfullargspec()
  args, varargs, keywords, _ = inspect.getargspec(rhp_fn)
/hb/home/swoonna/.local/lib/python3.6/site-packages/tensor2tensor/utils/registry.py:180: DeprecationWarning: inspect.getargspec() is deprecated, use inspect.signature() or inspect.getfullargspec()
  args, varargs, keywords, _ = inspect.getargspec(rhp_fn)
/hb/home/swoonna/.local/lib/python3.6/site-packages/tensor2tensor/utils/registry.py:180: DeprecationWarning: inspect.getargspec() is deprecated, use inspect.signature() or inspect.getfullargspec()
  args, varargs, keywords, _ = inspect.getargspec(rhp_fn)
/hb/home/swoonna/.local/lib/python3.6/site-packages/tensor2tensor/utils/registry.py:180: DeprecationWarning: inspect.getargspec() is deprecated, use inspect.signature() or inspect.getfullargspec()
  args, varargs, keywords, _ = inspect.getargspec(rhp_fn)
/hb/home/swoonna/.local/lib/python3.6/site-packages/tensor2tensor/utils/registry.py:180: DeprecationWarning: inspect.getargspec() is deprecated, use inspect.signature() or inspect.getfullargspec()
  args, varargs, keywords, _ = inspect.getargspec(rhp_fn)
/hb/home/swoonna/.local/lib/python3.6/site-packages/tensor2tensor/utils/registry.py:180: DeprecationWarning: inspect.getargspec() is deprecated, use inspect.signature() or inspect.getfullargspec()
  args, varargs, keywords, _ = inspect.getargspec(rhp_fn)
/hb/home/swoonna/.local/lib/python3.6/site-packages/tensor2tensor/utils/registry.py:180: DeprecationWarning: inspect.getargspec() is deprecated, use inspect.signature() or inspect.getfullargspec()
  args, varargs, keywords, _ = inspect.getargspec(rhp_fn)
/hb/home/swoonna/.local/lib/python3.6/site-packages/tensor2tensor/utils/registry.py:180: DeprecationWarning: inspect.getargspec() is deprecated, use inspect.signature() or inspect.getfullargspec()
  args, varargs, keywords, _ = inspect.getargspec(rhp_fn)
/hb/home/swoonna/.local/lib/python3.6/site-packages/tensor2tensor/utils/registry.py:180: DeprecationWarning: inspect.getargspec() is deprecated, use inspect.signature() or inspect.getfullargspec()
  args, varargs, keywords, _ = inspect.getargspec(rhp_fn)
/hb/home/swoonna/.local/lib/python3.6/site-packages/tensor2tensor/utils/registry.py:180: DeprecationWarning: inspect.getargspec() is deprecated, use inspect.signature() or inspect.getfullargspec()
  args, varargs, keywords, _ = inspect.getargspec(rhp_fn)
/hb/home/swoonna/.local/lib/python3.6/site-packages/tensor2tensor/utils/registry.py:180: DeprecationWarning: inspect.getargspec() is deprecated, use inspect.signature() or inspect.getfullargspec()
  args, varargs, keywords, _ = inspect.getargspec(rhp_fn)
/hb/home/swoonna/.local/lib/python3.6/site-packages/tensor2tensor/utils/registry.py:180: DeprecationWarning: inspect.getargspec() is deprecated, use inspect.signature() or inspect.getfullargspec()
  args, varargs, keywords, _ = inspect.getargspec(rhp_fn)
/hb/home/swoonna/.local/lib/python3.6/site-packages/tensor2tensor/utils/registry.py:180: DeprecationWarning: inspect.getargspec() is deprecated, use inspect.signature() or inspect.getfullargspec()
  args, varargs, keywords, _ = inspect.getargspec(rhp_fn)
/hb/home/swoonna/.local/lib/python3.6/site-packages/tensor2tensor/utils/registry.py:180: DeprecationWarning: inspect.getargspec() is deprecated, use inspect.signature() or inspect.getfullargspec()
  args, varargs, keywords, _ = inspect.getargspec(rhp_fn)
/hb/home/swoonna/.local/lib/python3.6/site-packages/tensor2tensor/utils/registry.py:180: DeprecationWarning: inspect.getargspec() is deprecated, use inspect.signature() or inspect.getfullargspec()
  args, varargs, keywords, _ = inspect.getargspec(rhp_fn)
/hb/home/swoonna/.local/lib/python3.6/site-packages/tensor2tensor/utils/registry.py:180: DeprecationWarning: inspect.getargspec() is deprecated, use inspect.signature() or inspect.getfullargspec()
  args, varargs, keywords, _ = inspect.getargspec(rhp_fn)
INFO:tensorflow:Importing user module trainer from path /hb/home/swoonna/projects/sbp/code/lang_model
WARNING:tensorflow:From /hb/home/swoonna/.local/lib/python3.6/site-packages/tensor2tensor/utils/trainer_lib.py:278: RunConfig.__init__ (from tensorflow.contrib.learn.python.learn.estimators.run_config) is deprecated and will be removed in a future version.
Instructions for updating:
When switching to tf.estimator.Estimator, use tf.estimator.RunConfig instead.
INFO:tensorflow:Configuring DataParallelism to replicate the model.
INFO:tensorflow:schedule=continuous_train_and_eval
INFO:tensorflow:worker_gpu=1
INFO:tensorflow:sync=False
/hb/home/swoonna/.local/lib/python3.6/site-packages/tensorflow/python/platform/tf_logging.py:120: DeprecationWarning: The 'warn' method is deprecated, use 'warning' instead
  _get_logger().warn(msg, *args, **kwargs)
WARNING:tensorflow:Schedule=continuous_train_and_eval. Assuming that training is running on a single machine.
INFO:tensorflow:datashard_devices: ['gpu:0']
INFO:tensorflow:caching_devices: None
INFO:tensorflow:ps_devices: ['gpu:0']
INFO:tensorflow:Using config: {'_task_type': None, '_task_id': 0, '_cluster_spec': <tensorflow.python.training.server_lib.ClusterSpec object at 0x7f46efc710b8>, '_master': '', '_num_ps_replicas': 0, '_num_worker_replicas': 0, '_environment': 'local', '_is_chief': True, '_evaluation_master': '', '_train_distribute': None, '_eval_distribute': None, '_device_fn': None, '_tf_config': gpu_options {
  per_process_gpu_memory_fraction: 1.0
}
, '_tf_random_seed': None, '_save_summary_steps': 100, '_save_checkpoints_secs': None, '_log_step_count_steps': 100, '_protocol': None, '_session_config': gpu_options {
  per_process_gpu_memory_fraction: 0.95
}
allow_soft_placement: true
graph_options {
  optimizer_options {
    global_jit_level: OFF
  }
}
, '_save_checkpoints_steps': 1000, '_keep_checkpoint_max': 20, '_keep_checkpoint_every_n_hours': 10000, '_model_dir': './trained_model', 'use_tpu': False, 't2t_device_info': {'num_async_replicas': 1}, 'data_parallelism': <tensor2tensor.utils.expert_utils.Parallelism object at 0x7f46efc71128>}
WARNING:tensorflow:Estimator's model_fn (<function T2TModel.make_estimator_model_fn.<locals>.wrapping_model_fn at 0x7f4748df8a60>) includes params argument, but params are not passed to Estimator.
/hb/home/swoonna/.local/lib/python3.6/site-packages/tensorflow/python/platform/tf_logging.py:120: DeprecationWarning: The 'warn' method is deprecated, use 'warning' instead
  _get_logger().warn(msg, *args, **kwargs)
WARNING:tensorflow:ValidationMonitor only works with --schedule=train_and_evaluate
INFO:tensorflow:Not using Distribute Coordinator.
INFO:tensorflow:Running training and evaluation locally (non-distributed).
INFO:tensorflow:Start train and evaluate loop. The evaluate will happen after every checkpoint. Checkpoint frequency is determined based on RunConfig arguments: save_checkpoints_steps 1000 or save_checkpoints_secs None.
INFO:tensorflow:Reading data files from lang_model/data/lang_gen_problem-train*
INFO:tensorflow:partition: 0 num_data_files: 90
WARNING:tensorflow:From /hb/home/swoonna/.local/lib/python3.6/site-packages/tensor2tensor/data_generators/problem.py:654: parallel_interleave (from tensorflow.contrib.data.python.ops.interleave_ops) is deprecated and will be removed in a future version.
Instructions for updating:
Use `tf.data.experimental.parallel_interleave(...)`.
/hb/home/swoonna/.local/lib/python3.6/site-packages/tensorflow/python/util/tf_inspect.py:75: DeprecationWarning: inspect.getargspec() is deprecated, use inspect.signature() or inspect.getfullargspec()
  return _inspect.getargspec(target)
/hb/home/swoonna/.local/lib/python3.6/site-packages/tensorflow/python/util/tf_inspect.py:75: DeprecationWarning: inspect.getargspec() is deprecated, use inspect.signature() or inspect.getfullargspec()
  return _inspect.getargspec(target)
/hb/home/swoonna/.local/lib/python3.6/site-packages/tensorflow/python/util/tf_inspect.py:75: DeprecationWarning: inspect.getargspec() is deprecated, use inspect.signature() or inspect.getfullargspec()
  return _inspect.getargspec(target)
WARNING:tensorflow:From /hb/home/swoonna/.local/lib/python3.6/site-packages/tensorflow/python/ops/sparse_ops.py:1165: sparse_to_dense (from tensorflow.python.ops.sparse_ops) is deprecated and will be removed in a future version.
Instructions for updating:
Create a `tf.sparse.SparseTensor` and use `tf.sparse.to_dense` instead.
/hb/home/swoonna/.local/lib/python3.6/site-packages/tensorflow/python/util/tf_inspect.py:75: DeprecationWarning: inspect.getargspec() is deprecated, use inspect.signature() or inspect.getfullargspec()
  return _inspect.getargspec(target)
/hb/home/swoonna/.local/lib/python3.6/site-packages/tensorflow/python/util/tf_inspect.py:75: DeprecationWarning: inspect.getargspec() is deprecated, use inspect.signature() or inspect.getfullargspec()
  return _inspect.getargspec(target)
/hb/home/swoonna/.local/lib/python3.6/site-packages/tensorflow/python/util/tf_inspect.py:75: DeprecationWarning: inspect.getargspec() is deprecated, use inspect.signature() or inspect.getfullargspec()
  return _inspect.getargspec(target)
/hb/home/swoonna/.local/lib/python3.6/site-packages/tensorflow/python/util/tf_inspect.py:75: DeprecationWarning: inspect.getargspec() is deprecated, use inspect.signature() or inspect.getfullargspec()
  return _inspect.getargspec(target)
WARNING:tensorflow:From /hb/home/swoonna/.local/lib/python3.6/site-packages/tensor2tensor/data_generators/problem.py:947: bucket_by_sequence_length (from tensorflow.contrib.data.python.ops.grouping) is deprecated and will be removed in a future version.
Instructions for updating:
Use `tf.data.experimental.bucket_by_sequence_length(...)`.
/hb/home/swoonna/.local/lib/python3.6/site-packages/tensorflow/python/util/tf_inspect.py:75: DeprecationWarning: inspect.getargspec() is deprecated, use inspect.signature() or inspect.getfullargspec()
  return _inspect.getargspec(target)
/hb/home/swoonna/.local/lib/python3.6/site-packages/tensorflow/python/util/tf_inspect.py:75: DeprecationWarning: inspect.getargspec() is deprecated, use inspect.signature() or inspect.getfullargspec()
  return _inspect.getargspec(target)
/hb/home/swoonna/.local/lib/python3.6/site-packages/tensorflow/python/util/tf_inspect.py:75: DeprecationWarning: inspect.getargspec() is deprecated, use inspect.signature() or inspect.getfullargspec()
  return _inspect.getargspec(target)
/hb/home/swoonna/.local/lib/python3.6/site-packages/tensorflow/python/util/tf_inspect.py:75: DeprecationWarning: inspect.getargspec() is deprecated, use inspect.signature() or inspect.getfullargspec()
  return _inspect.getargspec(target)
/hb/home/swoonna/.local/lib/python3.6/site-packages/tensorflow/python/util/tf_inspect.py:75: DeprecationWarning: inspect.getargspec() is deprecated, use inspect.signature() or inspect.getfullargspec()
  return _inspect.getargspec(target)
INFO:tensorflow:Calling model_fn.
INFO:tensorflow:Setting T2TModel mode to 'train'
INFO:tensorflow:Using variable initializer: uniform_unit_scaling
INFO:tensorflow:Transforming feature 'targets' with symbol_modality_28912_128.targets_bottom
WARNING:tensorflow:From /hb/home/swoonna/.local/lib/python3.6/site-packages/tensorflow/python/framework/function.py:987: calling Graph.create_op (from tensorflow.python.framework.ops) with compute_shapes is deprecated and will be removed in a future version.
Instructions for updating:
Shapes are always computed; don't use the compute_shapes as it has no effect.
INFO:tensorflow:Building model body
INFO:tensorflow:Transforming body output with symbol_modality_28912_128.top
INFO:tensorflow:Base learning rate: 2.000000
INFO:tensorflow:Trainable Variables Total size: 4096512
INFO:tensorflow:Non-trainable variables Total size: 5
INFO:tensorflow:Using optimizer Adam
INFO:tensorflow:Done calling model_fn.
INFO:tensorflow:Create CheckpointSaverHook.
INFO:tensorflow:Graph was finalized.
2019-02-11 14:49:50.265505: I tensorflow/core/platform/cpu_feature_guard.cc:141] Your CPU supports instructions that this TensorFlow binary was not compiled to use: AVX2 AVX512F FMA
INFO:tensorflow:Running local_init_op.
INFO:tensorflow:Done running local_init_op.
INFO:tensorflow:Saving checkpoints for 0 into ./trained_model/model.ckpt.
2019-02-11 14:50:04.966856: I tensorflow/core/kernels/data/shuffle_dataset_op.cc:98] Filling up shuffle buffer (this may take a while): 269 of 512
2019-02-11 14:50:13.580490: I tensorflow/core/kernels/data/shuffle_dataset_op.cc:136] Shuffle buffer filled.
INFO:tensorflow:loss = 9.540162, step = 1
INFO:tensorflow:global_step/sec: 1.98731
INFO:tensorflow:loss = 9.197243, step = 101 (50.321 sec)
INFO:tensorflow:Saving checkpoints for 200 into ./trained_model/model.ckpt.
INFO:tensorflow:Reading data files from lang_model/data/lang_gen_problem-dev*
INFO:tensorflow:partition: 0 num_data_files: 10
/hb/home/swoonna/.local/lib/python3.6/site-packages/tensorflow/python/util/tf_inspect.py:75: DeprecationWarning: inspect.getargspec() is deprecated, use inspect.signature() or inspect.getfullargspec()
  return _inspect.getargspec(target)
/hb/home/swoonna/.local/lib/python3.6/site-packages/tensorflow/python/util/tf_inspect.py:75: DeprecationWarning: inspect.getargspec() is deprecated, use inspect.signature() or inspect.getfullargspec()
  return _inspect.getargspec(target)
/hb/home/swoonna/.local/lib/python3.6/site-packages/tensorflow/python/util/tf_inspect.py:75: DeprecationWarning: inspect.getargspec() is deprecated, use inspect.signature() or inspect.getfullargspec()
  return _inspect.getargspec(target)
/hb/home/swoonna/.local/lib/python3.6/site-packages/tensorflow/python/util/tf_inspect.py:75: DeprecationWarning: inspect.getargspec() is deprecated, use inspect.signature() or inspect.getfullargspec()
  return _inspect.getargspec(target)
/hb/home/swoonna/.local/lib/python3.6/site-packages/tensorflow/python/util/tf_inspect.py:75: DeprecationWarning: inspect.getargspec() is deprecated, use inspect.signature() or inspect.getfullargspec()
  return _inspect.getargspec(target)
/hb/home/swoonna/.local/lib/python3.6/site-packages/tensorflow/python/util/tf_inspect.py:75: DeprecationWarning: inspect.getargspec() is deprecated, use inspect.signature() or inspect.getfullargspec()
  return _inspect.getargspec(target)
/hb/home/swoonna/.local/lib/python3.6/site-packages/tensorflow/python/util/tf_inspect.py:75: DeprecationWarning: inspect.getargspec() is deprecated, use inspect.signature() or inspect.getfullargspec()
  return _inspect.getargspec(target)
/hb/home/swoonna/.local/lib/python3.6/site-packages/tensorflow/python/util/tf_inspect.py:75: DeprecationWarning: inspect.getargspec() is deprecated, use inspect.signature() or inspect.getfullargspec()
  return _inspect.getargspec(target)
/hb/home/swoonna/.local/lib/python3.6/site-packages/tensorflow/python/util/tf_inspect.py:75: DeprecationWarning: inspect.getargspec() is deprecated, use inspect.signature() or inspect.getfullargspec()
  return _inspect.getargspec(target)
/hb/home/swoonna/.local/lib/python3.6/site-packages/tensorflow/python/util/tf_inspect.py:75: DeprecationWarning: inspect.getargspec() is deprecated, use inspect.signature() or inspect.getfullargspec()
  return _inspect.getargspec(target)
/hb/home/swoonna/.local/lib/python3.6/site-packages/tensorflow/python/util/tf_inspect.py:75: DeprecationWarning: inspect.getargspec() is deprecated, use inspect.signature() or inspect.getfullargspec()
  return _inspect.getargspec(target)
INFO:tensorflow:Calling model_fn.
INFO:tensorflow:Setting T2TModel mode to 'eval'
INFO:tensorflow:Setting hparams.dropout to 0.0
INFO:tensorflow:Setting hparams.label_smoothing to 0.0
INFO:tensorflow:Setting hparams.layer_prepostprocess_dropout to 0.0
INFO:tensorflow:Setting hparams.symbol_dropout to 0.0
INFO:tensorflow:Setting hparams.attention_dropout to 0.0
INFO:tensorflow:Setting hparams.relu_dropout to 0.0
INFO:tensorflow:Using variable initializer: uniform_unit_scaling
INFO:tensorflow:Transforming feature 'targets' with symbol_modality_28912_128.targets_bottom
INFO:tensorflow:Building model body
INFO:tensorflow:Transforming body output with symbol_modality_28912_128.top
/hb/home/swoonna/.local/lib/python3.6/site-packages/tensor2tensor/utils/metrics.py:545: DeprecationWarning: inspect.getargspec() is deprecated, use inspect.signature() or inspect.getfullargspec()
  args, _, keywords, _ = inspect.getargspec(metric_fn)
/hb/home/swoonna/.local/lib/python3.6/site-packages/tensor2tensor/utils/metrics.py:545: DeprecationWarning: inspect.getargspec() is deprecated, use inspect.signature() or inspect.getfullargspec()
  args, _, keywords, _ = inspect.getargspec(metric_fn)
/hb/home/swoonna/.local/lib/python3.6/site-packages/tensor2tensor/utils/metrics.py:545: DeprecationWarning: inspect.getargspec() is deprecated, use inspect.signature() or inspect.getfullargspec()
  args, _, keywords, _ = inspect.getargspec(metric_fn)
/hb/home/swoonna/.local/lib/python3.6/site-packages/tensor2tensor/utils/metrics.py:545: DeprecationWarning: inspect.getargspec() is deprecated, use inspect.signature() or inspect.getfullargspec()
  args, _, keywords, _ = inspect.getargspec(metric_fn)
/hb/home/swoonna/.local/lib/python3.6/site-packages/tensor2tensor/utils/metrics.py:545: DeprecationWarning: inspect.getargspec() is deprecated, use inspect.signature() or inspect.getfullargspec()
  args, _, keywords, _ = inspect.getargspec(metric_fn)
/hb/home/swoonna/.local/lib/python3.6/site-packages/tensor2tensor/utils/metrics.py:545: DeprecationWarning: inspect.getargspec() is deprecated, use inspect.signature() or inspect.getfullargspec()
  args, _, keywords, _ = inspect.getargspec(metric_fn)
/hb/home/swoonna/.local/lib/python3.6/site-packages/tensor2tensor/utils/metrics.py:545: DeprecationWarning: inspect.getargspec() is deprecated, use inspect.signature() or inspect.getfullargspec()
  args, _, keywords, _ = inspect.getargspec(metric_fn)
INFO:tensorflow:Done calling model_fn.
INFO:tensorflow:Starting evaluation at 2019-02-11-22:51:59
INFO:tensorflow:Graph was finalized.
INFO:tensorflow:Restoring parameters from ./trained_model/model.ckpt-200
INFO:tensorflow:Running local_init_op.
INFO:tensorflow:Done running local_init_op.
INFO:tensorflow:Evaluation [10/100]
INFO:tensorflow:Evaluation [20/100]
INFO:tensorflow:Evaluation [30/100]
INFO:tensorflow:Evaluation [40/100]
INFO:tensorflow:Evaluation [50/100]
INFO:tensorflow:Evaluation [60/100]
INFO:tensorflow:Evaluation [70/100]
INFO:tensorflow:Evaluation [80/100]
INFO:tensorflow:Evaluation [90/100]
INFO:tensorflow:Evaluation [100/100]
INFO:tensorflow:Finished evaluation at 2019-02-11-22:52:37
INFO:tensorflow:Saving dict for global step 200: global_step = 200, loss = 8.787014, metrics-lang_gen_problem/targets/accuracy = 0.095267974, metrics-lang_gen_problem/targets/accuracy_per_sequence = 0.0, metrics-lang_gen_problem/targets/accuracy_top5 = 0.18230513, metrics-lang_gen_problem/targets/approx_bleu_score = 0.00066529284, metrics-lang_gen_problem/targets/neg_log_perplexity = -8.850297, metrics-lang_gen_problem/targets/rouge_2_fscore = 0.0, metrics-lang_gen_problem/targets/rouge_L_fscore = 0.09177815
INFO:tensorflow:Saving 'checkpoint_path' summary for global step 200: ./trained_model/model.ckpt-200
INFO:tensorflow:Loss for final step: 8.109038.
INFO:tensorflow:Reading data files from lang_model/data/lang_gen_problem-dev*
INFO:tensorflow:partition: 0 num_data_files: 10
/hb/home/swoonna/.local/lib/python3.6/site-packages/tensorflow/python/util/tf_inspect.py:75: DeprecationWarning: inspect.getargspec() is deprecated, use inspect.signature() or inspect.getfullargspec()
  return _inspect.getargspec(target)
/hb/home/swoonna/.local/lib/python3.6/site-packages/tensorflow/python/util/tf_inspect.py:75: DeprecationWarning: inspect.getargspec() is deprecated, use inspect.signature() or inspect.getfullargspec()
  return _inspect.getargspec(target)
/hb/home/swoonna/.local/lib/python3.6/site-packages/tensorflow/python/util/tf_inspect.py:75: DeprecationWarning: inspect.getargspec() is deprecated, use inspect.signature() or inspect.getfullargspec()
  return _inspect.getargspec(target)
/hb/home/swoonna/.local/lib/python3.6/site-packages/tensorflow/python/util/tf_inspect.py:75: DeprecationWarning: inspect.getargspec() is deprecated, use inspect.signature() or inspect.getfullargspec()
  return _inspect.getargspec(target)
/hb/home/swoonna/.local/lib/python3.6/site-packages/tensorflow/python/util/tf_inspect.py:75: DeprecationWarning: inspect.getargspec() is deprecated, use inspect.signature() or inspect.getfullargspec()
  return _inspect.getargspec(target)
/hb/home/swoonna/.local/lib/python3.6/site-packages/tensorflow/python/util/tf_inspect.py:75: DeprecationWarning: inspect.getargspec() is deprecated, use inspect.signature() or inspect.getfullargspec()
  return _inspect.getargspec(target)
/hb/home/swoonna/.local/lib/python3.6/site-packages/tensorflow/python/util/tf_inspect.py:75: DeprecationWarning: inspect.getargspec() is deprecated, use inspect.signature() or inspect.getfullargspec()
  return _inspect.getargspec(target)
/hb/home/swoonna/.local/lib/python3.6/site-packages/tensorflow/python/util/tf_inspect.py:75: DeprecationWarning: inspect.getargspec() is deprecated, use inspect.signature() or inspect.getfullargspec()
  return _inspect.getargspec(target)
/hb/home/swoonna/.local/lib/python3.6/site-packages/tensorflow/python/util/tf_inspect.py:75: DeprecationWarning: inspect.getargspec() is deprecated, use inspect.signature() or inspect.getfullargspec()
  return _inspect.getargspec(target)
/hb/home/swoonna/.local/lib/python3.6/site-packages/tensorflow/python/util/tf_inspect.py:75: DeprecationWarning: inspect.getargspec() is deprecated, use inspect.signature() or inspect.getfullargspec()
  return _inspect.getargspec(target)
/hb/home/swoonna/.local/lib/python3.6/site-packages/tensorflow/python/util/tf_inspect.py:75: DeprecationWarning: inspect.getargspec() is deprecated, use inspect.signature() or inspect.getfullargspec()
  return _inspect.getargspec(target)
INFO:tensorflow:Calling model_fn.
INFO:tensorflow:Setting T2TModel mode to 'eval'
INFO:tensorflow:Setting hparams.dropout to 0.0
INFO:tensorflow:Setting hparams.label_smoothing to 0.0
INFO:tensorflow:Setting hparams.layer_prepostprocess_dropout to 0.0
INFO:tensorflow:Setting hparams.symbol_dropout to 0.0
INFO:tensorflow:Setting hparams.attention_dropout to 0.0
INFO:tensorflow:Setting hparams.relu_dropout to 0.0
INFO:tensorflow:Using variable initializer: uniform_unit_scaling
INFO:tensorflow:Transforming feature 'targets' with symbol_modality_28912_128.targets_bottom
INFO:tensorflow:Building model body
INFO:tensorflow:Transforming body output with symbol_modality_28912_128.top
/hb/home/swoonna/.local/lib/python3.6/site-packages/tensor2tensor/utils/metrics.py:545: DeprecationWarning: inspect.getargspec() is deprecated, use inspect.signature() or inspect.getfullargspec()
  args, _, keywords, _ = inspect.getargspec(metric_fn)
/hb/home/swoonna/.local/lib/python3.6/site-packages/tensor2tensor/utils/metrics.py:545: DeprecationWarning: inspect.getargspec() is deprecated, use inspect.signature() or inspect.getfullargspec()
  args, _, keywords, _ = inspect.getargspec(metric_fn)
/hb/home/swoonna/.local/lib/python3.6/site-packages/tensor2tensor/utils/metrics.py:545: DeprecationWarning: inspect.getargspec() is deprecated, use inspect.signature() or inspect.getfullargspec()
  args, _, keywords, _ = inspect.getargspec(metric_fn)
/hb/home/swoonna/.local/lib/python3.6/site-packages/tensor2tensor/utils/metrics.py:545: DeprecationWarning: inspect.getargspec() is deprecated, use inspect.signature() or inspect.getfullargspec()
  args, _, keywords, _ = inspect.getargspec(metric_fn)
/hb/home/swoonna/.local/lib/python3.6/site-packages/tensor2tensor/utils/metrics.py:545: DeprecationWarning: inspect.getargspec() is deprecated, use inspect.signature() or inspect.getfullargspec()
  args, _, keywords, _ = inspect.getargspec(metric_fn)
/hb/home/swoonna/.local/lib/python3.6/site-packages/tensor2tensor/utils/metrics.py:545: DeprecationWarning: inspect.getargspec() is deprecated, use inspect.signature() or inspect.getfullargspec()
  args, _, keywords, _ = inspect.getargspec(metric_fn)
/hb/home/swoonna/.local/lib/python3.6/site-packages/tensor2tensor/utils/metrics.py:545: DeprecationWarning: inspect.getargspec() is deprecated, use inspect.signature() or inspect.getfullargspec()
  args, _, keywords, _ = inspect.getargspec(metric_fn)
INFO:tensorflow:Done calling model_fn.
INFO:tensorflow:Starting evaluation at 2019-02-11-22:52:43
INFO:tensorflow:Graph was finalized.
INFO:tensorflow:Restoring parameters from ./trained_model/model.ckpt-200
INFO:tensorflow:Running local_init_op.
INFO:tensorflow:Done running local_init_op.
INFO:tensorflow:Evaluation [10/100]
INFO:tensorflow:Evaluation [20/100]
INFO:tensorflow:Evaluation [30/100]
INFO:tensorflow:Evaluation [40/100]
INFO:tensorflow:Evaluation [50/100]
INFO:tensorflow:Evaluation [60/100]
INFO:tensorflow:Evaluation [70/100]
INFO:tensorflow:Evaluation [80/100]
INFO:tensorflow:Evaluation [90/100]
INFO:tensorflow:Evaluation [100/100]
INFO:tensorflow:Finished evaluation at 2019-02-11-22:53:19
INFO:tensorflow:Saving dict for global step 200: global_step = 200, loss = 8.787014, metrics-lang_gen_problem/targets/accuracy = 0.095267974, metrics-lang_gen_problem/targets/accuracy_per_sequence = 0.0, metrics-lang_gen_problem/targets/accuracy_top5 = 0.18230513, metrics-lang_gen_problem/targets/approx_bleu_score = 0.00066529284, metrics-lang_gen_problem/targets/neg_log_perplexity = -8.850297, metrics-lang_gen_problem/targets/rouge_2_fscore = 0.0, metrics-lang_gen_problem/targets/rouge_L_fscore = 0.09177815
INFO:tensorflow:Saving 'checkpoint_path' summary for global step 200: ./trained_model/model.ckpt-200
